<?xml version="1.0" encoding="UTF-8"?>
<testng-results ignored="0" total="2" passed="2" failed="0" skipped="0">
  <reporter-output>
  </reporter-output>
  <suite started-at="2026-03-02T18:16:00 MST" name="API Regression Test Suite" finished-at="2026-03-02T18:16:02 MST" duration-ms="1953">
    <groups>
    </groups>
    <test started-at="2026-03-02T18:16:00 MST" name="Product API Test - Get Product" finished-at="2026-03-02T18:16:02 MST" duration-ms="1552">
      <class name="api.testing.products.tests.GetProductTest">
        <test-method is-config="true" signature="setup()[pri:0, instance:api.testing.products.tests.GetProductTest@423e4cbb]" started-at="2026-03-02T18:16:00 MST" name="setup" finished-at="2026-03-02T18:16:01 MST" duration-ms="395" status="PASS">
          <reporter-output>
          </reporter-output>
        </test-method> <!-- setup -->
        <test-method signature="getAllProductsTest()[pri:0, instance:api.testing.products.tests.GetProductTest@423e4cbb]" started-at="2026-03-02T18:16:01 MST" name="getAllProductsTest" finished-at="2026-03-02T18:16:02 MST" duration-ms="1067" status="PASS">
          <reporter-output>
          </reporter-output>
        </test-method> <!-- getAllProductsTest -->
      </class> <!-- api.testing.products.tests.GetProductTest -->
    </test> <!-- Product API Test - Get Product -->
    <test started-at="2026-03-02T18:16:02 MST" name="Product API Test - Get Product With Json Path" finished-at="2026-03-02T18:16:02 MST" duration-ms="368">
      <class name="api.testing.products.tests.GetProductsWithJsonPathTest">
        <test-method is-config="true" signature="setup()[pri:0, instance:api.testing.products.tests.GetProductsWithJsonPathTest@4b85880b]" started-at="2026-03-02T18:16:02 MST" name="setup" finished-at="2026-03-02T18:16:02 MST" duration-ms="1" status="PASS">
          <reporter-output>
          </reporter-output>
        </test-method> <!-- setup -->
        <test-method signature="getAllProductsTest()[pri:0, instance:api.testing.products.tests.GetProductsWithJsonPathTest@4b85880b]" started-at="2026-03-02T18:16:02 MST" name="getAllProductsTest" finished-at="2026-03-02T18:16:02 MST" duration-ms="363" status="PASS">
          <reporter-output>
          </reporter-output>
        </test-method> <!-- getAllProductsTest -->
      </class> <!-- api.testing.products.tests.GetProductsWithJsonPathTest -->
    </test> <!-- Product API Test - Get Product With Json Path -->
  </suite> <!-- API Regression Test Suite -->
</testng-results>
