<?xml version="1.0" encoding="UTF-8"?>
<testsuite xmlns:xsi="http://www.w3.org/2001/XMLSchema-instance" xsi:noNamespaceSchemaLocation="https://maven.apache.org/surefire/maven-surefire-plugin/xsd/surefire-test-report.xsd" name="TestSuite" time="2.74" tests="2" errors="0" skipped="0" failures="0">
  <properties>
[...]
</properties>
  <testcase name="getAllProductsTest" classname="api.testing.products.tests.GetProductTest" time="1.12"/>
  <testcase name="getAllProductsTest" classname="api.testing.products.tests.GetProductsWithJsonPathTest" time="0.367"/>
</testsuite>