<?xml version="1.0" encoding="UTF-8"?>
<!-- Generated by org.testng.reporters.JUnitReportReporter -->
<testsuite hostname="LAPTOP-08Q2RNOV" failures="0" tests="1" name="api.testing.products.tests.GetProductsWithJsonPathTest" time="0.363" errors="0" timestamp="2026-03-02T18:16:03 MST" skipped="0">
  <testcase classname="api.testing.products.tests.GetProductsWithJsonPathTest" name="getAllProductsTest" time="0.363"/>
  <system-out/>
</testsuite> <!-- api.testing.products.tests.GetProductsWithJsonPathTest -->
